2025-02-26 14:21:08,874 INFO: Finance app startup [in c:\Users\jgrubb\OneDrive - Town of Clayton, NC\Documents\GitHub\BudgetApp\app\__init__.py:50]
2025-02-26 14:21:09,612 INFO: Finance app startup [in c:\Users\jgrubb\OneDrive - Town of Clayton, NC\Documents\GitHub\BudgetApp\app\__init__.py:50]
2025-02-26 14:42:32,433 INFO: Finance app startup [in c:\Users\jgrubb\OneDrive - Town of Clayton, NC\Documents\GitHub\BudgetApp\app\__init__.py:50]
2025-02-26 14:42:33,257 INFO: Finance app startup [in c:\Users\jgrubb\OneDrive - Town of Clayton, NC\Documents\GitHub\BudgetApp\app\__init__.py:50]
2025-02-26 15:01:29,873 INFO: Finance app startup [in c:\Users\jgrubb\OneDrive - Town of Clayton, NC\Documents\GitHub\BudgetApp\app\__init__.py:50]
2025-02-26 15:01:30,577 INFO: Finance app startup [in c:\Users\jgrubb\OneDrive - Town of Clayton, NC\Documents\GitHub\BudgetApp\app\__init__.py:50]
2025-02-26 15:26:48,674 INFO: Finance app startup [in c:\Users\jgrubb\OneDrive - Town of Clayton, NC\Documents\GitHub\BudgetApp\app\__init__.py:50]
2025-02-26 15:27:13,856 INFO: Finance app startup [in c:\Users\jgrubb\OneDrive - Town of Clayton, NC\Documents\GitHub\BudgetApp\app\__init__.py:50]
2025-02-26 15:27:30,017 INFO: Finance app startup [in c:\Users\jgrubb\OneDrive - Town of Clayton, NC\Documents\GitHub\BudgetApp\app\__init__.py:50]
2025-02-26 16:04:33,154 INFO: Finance app startup [in c:\Users\jgrubb\OneDrive - Town of Clayton, NC\Documents\GitHub\BudgetApp\app\__init__.py:50]
2025-02-26 16:04:33,983 INFO: Finance app startup [in c:\Users\jgrubb\OneDrive - Town of Clayton, NC\Documents\GitHub\BudgetApp\app\__init__.py:50]
2025-02-26 16:04:57,533 ERROR: Server Error: UndefinedError - 'total_income' is undefined
Traceback: Traceback (most recent call last):
  File "C:\Users\jgrubb\OneDrive - Town of Clayton, NC\Documents\GitHub\BudgetApp\myenv\Lib\site-packages\flask\app.py", line 867, in full_dispatch_request
    rv = self.dispatch_request()
  File "C:\Users\jgrubb\OneDrive - Town of Clayton, NC\Documents\GitHub\BudgetApp\myenv\Lib\site-packages\flask\app.py", line 852, in dispatch_request
    return self.ensure_sync(self.view_functions[rule.endpoint])(**view_args)
           ~~~~~~~~~~~~~~~~~~~~~~~~~~~~~~~~~~~~~~~~~~~~~~~~~~~~^^^^^^^^^^^^^
  File "C:\Users\jgrubb\OneDrive - Town of Clayton, NC\Documents\GitHub\BudgetApp\myenv\Lib\site-packages\flask_login\utils.py", line 290, in decorated_view
    return current_app.ensure_sync(func)(*args, **kwargs)
           ~~~~~~~~~~~~~~~~~~~~~~~~~~~~~^^^^^^^^^^^^^^^^^
  File "c:\Users\jgrubb\OneDrive - Town of Clayton, NC\Documents\GitHub\BudgetApp\app\routes.py", line 733, in manage_paychecks
    return render_template(
        "finance/manage_paychecks.html", title="Manage Paychecks", paychecks=paychecks
    )
  File "C:\Users\jgrubb\OneDrive - Town of Clayton, NC\Documents\GitHub\BudgetApp\myenv\Lib\site-packages\flask\templating.py", line 152, in render_template
    return _render(app, template, context)
  File "C:\Users\jgrubb\OneDrive - Town of Clayton, NC\Documents\GitHub\BudgetApp\myenv\Lib\site-packages\flask\templating.py", line 133, in _render
    rv = template.render(context)
  File "C:\Users\jgrubb\OneDrive - Town of Clayton, NC\Documents\GitHub\BudgetApp\myenv\Lib\site-packages\jinja2\environment.py", line 1295, in render
    self.environment.handle_exception()
    ~~~~~~~~~~~~~~~~~~~~~~~~~~~~~~~~~^^
  File "C:\Users\jgrubb\OneDrive - Town of Clayton, NC\Documents\GitHub\BudgetApp\myenv\Lib\site-packages\jinja2\environment.py", line 942, in handle_exception
    raise rewrite_traceback_stack(source=source)
  File "c:\Users\jgrubb\OneDrive - Town of Clayton, NC\Documents\GitHub\BudgetApp\app\templates\finance\manage_paychecks.html", line 1, in top-level template code
    {% extends "base.html" %}
  File "c:\Users\jgrubb\OneDrive - Town of Clayton, NC\Documents\GitHub\BudgetApp\app\templates\base.html", line 391, in top-level template code
    {% block content %}{% endblock %}
    ^^^^^^^^^^^^^^^^^
  File "c:\Users\jgrubb\OneDrive - Town of Clayton, NC\Documents\GitHub\BudgetApp\app\templates\finance\manage_paychecks.html", line 25, in block 'content'
    <p class="text-2xl font-bold text-green-600">${{ "%.2f"|format(total_income) }}</p>
    ^^^^^^^^^
  File "C:\Users\jgrubb\OneDrive - Town of Clayton, NC\Documents\GitHub\BudgetApp\myenv\Lib\site-packages\jinja2\filters.py", line 1042, in do_format
    return soft_str(value) % (kwargs or args)
           ~~~~~~~~~~~~~~~~^~~~~~~~~~~~~~~~~~
jinja2.exceptions.UndefinedError: 'total_income' is undefined
 [in c:\Users\jgrubb\OneDrive - Town of Clayton, NC\Documents\GitHub\BudgetApp\app\errors.py:121]
2025-02-26 16:06:45,690 ERROR: Server Error: UndefinedError - 'total_income' is undefined
Traceback: Traceback (most recent call last):
  File "C:\Users\jgrubb\OneDrive - Town of Clayton, NC\Documents\GitHub\BudgetApp\myenv\Lib\site-packages\flask\app.py", line 867, in full_dispatch_request
    rv = self.dispatch_request()
  File "C:\Users\jgrubb\OneDrive - Town of Clayton, NC\Documents\GitHub\BudgetApp\myenv\Lib\site-packages\flask\app.py", line 852, in dispatch_request
    return self.ensure_sync(self.view_functions[rule.endpoint])(**view_args)
           ~~~~~~~~~~~~~~~~~~~~~~~~~~~~~~~~~~~~~~~~~~~~~~~~~~~~^^^^^^^^^^^^^
  File "C:\Users\jgrubb\OneDrive - Town of Clayton, NC\Documents\GitHub\BudgetApp\myenv\Lib\site-packages\flask_login\utils.py", line 290, in decorated_view
    return current_app.ensure_sync(func)(*args, **kwargs)
           ~~~~~~~~~~~~~~~~~~~~~~~~~~~~~^^^^^^^^^^^^^^^^^
  File "c:\Users\jgrubb\OneDrive - Town of Clayton, NC\Documents\GitHub\BudgetApp\app\routes.py", line 733, in manage_paychecks
    return render_template(
        "finance/manage_paychecks.html", title="Manage Paychecks", paychecks=paychecks
    )
  File "C:\Users\jgrubb\OneDrive - Town of Clayton, NC\Documents\GitHub\BudgetApp\myenv\Lib\site-packages\flask\templating.py", line 152, in render_template
    return _render(app, template, context)
  File "C:\Users\jgrubb\OneDrive - Town of Clayton, NC\Documents\GitHub\BudgetApp\myenv\Lib\site-packages\flask\templating.py", line 133, in _render
    rv = template.render(context)
  File "C:\Users\jgrubb\OneDrive - Town of Clayton, NC\Documents\GitHub\BudgetApp\myenv\Lib\site-packages\jinja2\environment.py", line 1295, in render
    self.environment.handle_exception()
    ~~~~~~~~~~~~~~~~~~~~~~~~~~~~~~~~~^^
  File "C:\Users\jgrubb\OneDrive - Town of Clayton, NC\Documents\GitHub\BudgetApp\myenv\Lib\site-packages\jinja2\environment.py", line 942, in handle_exception
    raise rewrite_traceback_stack(source=source)
  File "c:\Users\jgrubb\OneDrive - Town of Clayton, NC\Documents\GitHub\BudgetApp\app\templates\finance\manage_paychecks.html", line 1, in top-level template code
    {% extends "base.html" %}
  File "c:\Users\jgrubb\OneDrive - Town of Clayton, NC\Documents\GitHub\BudgetApp\app\templates\base.html", line 391, in top-level template code
    {% block content %}{% endblock %}
    ^^^^^^^^^^^^^^^^^
  File "c:\Users\jgrubb\OneDrive - Town of Clayton, NC\Documents\GitHub\BudgetApp\app\templates\finance\manage_paychecks.html", line 25, in block 'content'
    <p class="text-2xl font-bold text-green-600">${{ "%.2f"|format(total_income) }}</p>
    ^^^^^^^^^
  File "C:\Users\jgrubb\OneDrive - Town of Clayton, NC\Documents\GitHub\BudgetApp\myenv\Lib\site-packages\jinja2\filters.py", line 1042, in do_format
    return soft_str(value) % (kwargs or args)
           ~~~~~~~~~~~~~~~~^~~~~~~~~~~~~~~~~~
jinja2.exceptions.UndefinedError: 'total_income' is undefined
 [in c:\Users\jgrubb\OneDrive - Town of Clayton, NC\Documents\GitHub\BudgetApp\app\errors.py:121]
